<?xml version="1.0" encoding="UTF-8"?>
<!-- Generated by org.testng.reporters.JUnitXMLReporter -->
<testsuite ignored="5" hostname="LAPTOP-RBIMGVPE" failures="0" tests="1" name="Default test" time="1.648" errors="0" timestamp="2023-11-19T21:38:01 EET">
  <testcase classname="tests.TestLogin" name="invalidPasswordLogin" time="1.617"/>
  <testcase classname="tests.TestLogin" name="whoAMITestWithoutToken" time="0.0">
    <ignored/>
  </testcase> <!-- whoAMITestWithoutToken -->
  <testcase classname="tests.TestLogin" name="invalidEmailLogin" time="0.0">
    <ignored/>
  </testcase> <!-- invalidEmailLogin -->
  <testcase classname="tests.TestLogin" name="loginTest" time="0.0">
    <ignored/>
  </testcase> <!-- loginTest -->
  <testcase classname="tests.TestLogin" name="incorrectLoginCredentials" time="0.0">
    <ignored/>
  </testcase> <!-- incorrectLoginCredentials -->
  <testcase classname="tests.TestLogin" name="whoAMITest" time="0.0">
    <ignored/>
  </testcase> <!-- whoAMITest -->
</testsuite> <!-- Default test -->
